<?xml version="1.0" encoding="UTF-8"?>
<testng-results skipped="0" failed="0" ignored="0" total="1" passed="1">
  <reporter-output>
  </reporter-output>
  <suite name="Default suite" duration-ms="17311" started-at="2018-05-16T04:11:34Z" finished-at="2018-05-16T04:11:51Z">
    <groups>
    </groups>
    <test name="Default test" duration-ms="17311" started-at="2018-05-16T04:11:34Z" finished-at="2018-05-16T04:11:51Z">
      <class name="testPages.LoginTest">
        <test-method status="PASS" signature="setUp()[pri:0, instance:testPages.LoginTest@5e5792a0]" name="setUp" is-config="true" duration-ms="15193" started-at="2018-05-16T04:11:34Z" finished-at="2018-05-16T04:11:49Z">
          <reporter-output>
          </reporter-output>
        </test-method> <!-- setUp -->
        <test-method status="PASS" signature="titlTest()[pri:0, instance:testPages.LoginTest@5e5792a0]" name="titlTest" duration-ms="51" started-at="2018-05-16T04:11:49Z" finished-at="2018-05-16T04:11:49Z">
          <reporter-output>
          </reporter-output>
        </test-method> <!-- titlTest -->
        <test-method status="PASS" signature="tearDown()[pri:0, instance:testPages.LoginTest@5e5792a0]" name="tearDown" is-config="true" duration-ms="2031" started-at="2018-05-16T04:11:49Z" finished-at="2018-05-16T04:11:51Z">
          <reporter-output>
          </reporter-output>
        </test-method> <!-- tearDown -->
      </class> <!-- testPages.LoginTest -->
    </test> <!-- Default test -->
  </suite> <!-- Default suite -->
</testng-results>
